[0m17:57:19.770027 [debug] [MainThread]: Sending event: {'category': 'dbt', 'action': 'invocation', 'label': 'start', 'context': [<snowplow_tracker.self_describing_json.SelfDescribingJson object at 0x104b5cd30>, <snowplow_tracker.self_describing_json.SelfDescribingJson object at 0x10671ca90>, <snowplow_tracker.self_describing_json.SelfDescribingJson object at 0x106731310>]}


============================== 17:57:19.773292 | b948eca5-646c-457a-b1f8-77e91a730c72 ==============================
[0m17:57:19.773292 [info ] [MainThread]: Running with dbt=1.6.6
[0m17:57:19.773662 [debug] [MainThread]: running dbt with arguments {'printer_width': '80', 'indirect_selection': 'eager', 'write_json': 'True', 'log_cache_events': 'False', 'partial_parse': 'True', 'cache_selected_only': 'False', 'warn_error': 'None', 'fail_fast': 'False', 'version_check': 'True', 'log_path': 'logs', 'profiles_dir': '/Users/danielalexander/.dbt', 'debug': 'False', 'use_colors': 'True', 'use_experimental_parser': 'False', 'no_print': 'None', 'quiet': 'False', 'log_format': 'default', 'static_parser': 'True', 'introspect': 'True', 'warn_error_options': 'WarnErrorOptions(include=[], exclude=[])', 'target_path': 'None', 'invocation_command': 'dbt init', 'send_anonymous_usage_stats': 'True'}
[0m17:57:19.774009 [warn ] [MainThread]: [ConfigFolderDirectory]: Unable to parse dict {'dir': PosixPath('/Users/danielalexander/.dbt')}
[0m17:57:19.774206 [info ] [MainThread]: Creating dbt configuration folder at 
[0m17:57:36.757902 [debug] [MainThread]: Starter project path: /Users/danielalexander/Desktop/dbt-dev/.venv/lib/python3.9/site-packages/dbt/include/starter_project
[0m17:57:36.766687 [info ] [MainThread]: 
Your new dbt project "bde_assignment_3" was created!

For more information on how to configure the profiles.yml file,
please consult the dbt documentation here:

  https://docs.getdbt.com/docs/configure-your-profile

One more thing:

Need help? Don't hesitate to reach out to us via GitHub issues or on Slack:

  https://community.getdbt.com/

Happy modeling!

[0m17:57:36.767222 [info ] [MainThread]: Setting up your profile.
[0m17:57:46.102963 [info ] [MainThread]: Profile bde_assignment_3 written to /Users/danielalexander/.dbt/profiles.yml using target's sample configuration. Once updated, you'll be able to start developing with dbt.
[0m17:57:46.103724 [debug] [MainThread]: Command `dbt init` succeeded at 17:57:46.103587 after 26.35 seconds
[0m17:57:46.104105 [debug] [MainThread]: Sending event: {'category': 'dbt', 'action': 'invocation', 'label': 'end', 'context': [<snowplow_tracker.self_describing_json.SelfDescribingJson object at 0x104b5cd30>, <snowplow_tracker.self_describing_json.SelfDescribingJson object at 0x10671ca90>, <snowplow_tracker.self_describing_json.SelfDescribingJson object at 0x1069da940>]}
[0m17:57:46.104482 [debug] [MainThread]: Flushing usage events
[0m18:15:01.531724 [debug] [MainThread]: Sending event: {'category': 'dbt', 'action': 'invocation', 'label': 'start', 'context': [<snowplow_tracker.self_describing_json.SelfDescribingJson object at 0x103674d60>, <snowplow_tracker.self_describing_json.SelfDescribingJson object at 0x105234fd0>, <snowplow_tracker.self_describing_json.SelfDescribingJson object at 0x105234f40>]}


============================== 18:15:01.534539 | 877a5a29-5932-4b71-875d-f2f8e65b14d6 ==============================
[0m18:15:01.534539 [info ] [MainThread]: Running with dbt=1.6.6
[0m18:15:01.534873 [debug] [MainThread]: running dbt with arguments {'printer_width': '80', 'indirect_selection': 'eager', 'log_cache_events': 'False', 'write_json': 'True', 'partial_parse': 'True', 'cache_selected_only': 'False', 'profiles_dir': '/Users/danielalexander/.dbt', 'fail_fast': 'False', 'debug': 'False', 'log_path': 'logs', 'version_check': 'True', 'warn_error': 'None', 'use_colors': 'True', 'use_experimental_parser': 'False', 'no_print': 'None', 'quiet': 'False', 'log_format': 'default', 'introspect': 'True', 'invocation_command': 'dbt debug', 'static_parser': 'True', 'target_path': 'None', 'warn_error_options': 'WarnErrorOptions(include=[], exclude=[])', 'send_anonymous_usage_stats': 'True'}
[0m18:15:01.535251 [info ] [MainThread]: dbt version: 1.6.6
[0m18:15:01.535435 [info ] [MainThread]: python version: 3.9.13
[0m18:15:01.535610 [info ] [MainThread]: python path: /Users/danielalexander/Desktop/dbt-dev/.venv/bin/python
[0m18:15:01.535785 [info ] [MainThread]: os info: macOS-12.0.1-arm64-arm-64bit
[0m18:15:01.580855 [info ] [MainThread]: Using profiles dir at /Users/danielalexander/.dbt
[0m18:15:01.581170 [info ] [MainThread]: Using profiles.yml file at /Users/danielalexander/.dbt/profiles.yml
[0m18:15:01.581363 [info ] [MainThread]: Using dbt_project.yml file at /Users/danielalexander/Desktop/dbt-dev/dbt_project.yml
[0m18:15:01.581701 [info ] [MainThread]: adapter type: postgres
[0m18:15:01.581881 [info ] [MainThread]: adapter version: 1.6.6
[0m18:15:01.582060 [info ] [MainThread]: Configuration:
[0m18:15:01.582227 [info ] [MainThread]:   profiles.yml file [[32mOK found and valid[0m]
[0m18:15:01.582395 [info ] [MainThread]:   dbt_project.yml file [[31mERROR not found[0m]
[0m18:15:01.582562 [info ] [MainThread]: Required dependencies:
[0m18:15:01.582785 [debug] [MainThread]: Executing "git --help"
[0m18:15:01.593925 [debug] [MainThread]: STDOUT: "b"usage: git [-v | --version] [-h | --help] [-C <path>] [-c <name>=<value>]\n           [--exec-path[=<path>]] [--html-path] [--man-path] [--info-path]\n           [-p | --paginate | -P | --no-pager] [--no-replace-objects] [--bare]\n           [--git-dir=<path>] [--work-tree=<path>] [--namespace=<name>]\n           [--config-env=<name>=<envvar>] <command> [<args>]\n\nThese are common Git commands used in various situations:\n\nstart a working area (see also: git help tutorial)\n   clone     Clone a repository into a new directory\n   init      Create an empty Git repository or reinitialize an existing one\n\nwork on the current change (see also: git help everyday)\n   add       Add file contents to the index\n   mv        Move or rename a file, a directory, or a symlink\n   restore   Restore working tree files\n   rm        Remove files from the working tree and from the index\n\nexamine the history and state (see also: git help revisions)\n   bisect    Use binary search to find the commit that introduced a bug\n   diff      Show changes between commits, commit and working tree, etc\n   grep      Print lines matching a pattern\n   log       Show commit logs\n   show      Show various types of objects\n   status    Show the working tree status\n\ngrow, mark and tweak your common history\n   branch    List, create, or delete branches\n   commit    Record changes to the repository\n   merge     Join two or more development histories together\n   rebase    Reapply commits on top of another base tip\n   reset     Reset current HEAD to the specified state\n   switch    Switch branches\n   tag       Create, list, delete or verify a tag object signed with GPG\n\ncollaborate (see also: git help workflows)\n   fetch     Download objects and refs from another repository\n   pull      Fetch from and integrate with another repository or a local branch\n   push      Update remote refs along with associated objects\n\n'git help -a' and 'git help -g' list available subcommands and some\nconcept guides. See 'git help <command>' or 'git help <concept>'\nto read about a specific subcommand or concept.\nSee 'git help git' for an overview of the system.\n""
[0m18:15:01.594543 [debug] [MainThread]: STDERR: "b''"
[0m18:15:01.594812 [info ] [MainThread]:  - git [[32mOK found[0m]

[0m18:15:01.595035 [info ] [MainThread]: Connection:
[0m18:15:01.595277 [info ] [MainThread]:   host: 35.201.6.91
[0m18:15:01.595455 [info ] [MainThread]:   port: 5432
[0m18:15:01.595622 [info ] [MainThread]:   user: postgres
[0m18:15:01.595788 [info ] [MainThread]:   database: postgres
[0m18:15:01.595951 [info ] [MainThread]:   schema: public
[0m18:15:01.596117 [info ] [MainThread]:   connect_timeout: 10
[0m18:15:01.596282 [info ] [MainThread]:   role: None
[0m18:15:01.596444 [info ] [MainThread]:   search_path: None
[0m18:15:01.596618 [info ] [MainThread]:   keepalives_idle: 0
[0m18:15:01.596780 [info ] [MainThread]:   sslmode: None
[0m18:15:01.596953 [info ] [MainThread]:   sslcert: None
[0m18:15:01.597117 [info ] [MainThread]:   sslkey: None
[0m18:15:01.597283 [info ] [MainThread]:   sslrootcert: None
[0m18:15:01.597447 [info ] [MainThread]:   application_name: dbt
[0m18:15:01.597610 [info ] [MainThread]:   retries: 1
[0m18:15:01.597979 [info ] [MainThread]: Registered adapter: postgres=1.6.6
[0m18:15:01.993436 [debug] [MainThread]: Acquiring new postgres connection 'debug'
[0m18:15:01.995167 [debug] [MainThread]: Using postgres connection "debug"
[0m18:15:01.995749 [debug] [MainThread]: On debug: select 1 as id
[0m18:15:01.996700 [debug] [MainThread]: Opening a new connection, currently in state init
[0m18:15:02.588927 [debug] [MainThread]: SQL status: SELECT 1 in 1.0 seconds
[0m18:15:02.593210 [debug] [MainThread]: On debug: Close
[0m18:15:02.594227 [info ] [MainThread]:   Connection test: [[32mOK connection ok[0m]

[0m18:15:02.594809 [info ] [MainThread]: [31m1 check failed:[0m
[0m18:15:02.595332 [info ] [MainThread]: Project loading failed for the following reason:
 project path </Users/danielalexander/Desktop/dbt-dev/dbt_project.yml> not found

[0m18:15:02.597167 [debug] [MainThread]: Command `dbt debug` failed at 18:15:02.596869 after 1.08 seconds
[0m18:15:02.597887 [debug] [MainThread]: Connection 'debug' was properly closed.
[0m18:15:02.598519 [debug] [MainThread]: Sending event: {'category': 'dbt', 'action': 'invocation', 'label': 'end', 'context': [<snowplow_tracker.self_describing_json.SelfDescribingJson object at 0x103674d60>, <snowplow_tracker.self_describing_json.SelfDescribingJson object at 0x10552b5e0>, <snowplow_tracker.self_describing_json.SelfDescribingJson object at 0x10552b670>]}
[0m18:15:02.599289 [debug] [MainThread]: Flushing usage events
